This is pdfTeX, Version 3.14159265-2.6-1.40.18 (TeX Live 2017/Debian) (preloaded format=pdflatex 2019.9.17)  20 SEP 2019 21:56
entering extended mode
 restricted \write18 enabled.
 %&-line parsing enabled.
**"EV1_1_Instalacion de ros.tex"
(./EV1_1_Instalacion de ros.tex
LaTeX2e <2017-04-15>
Babel <3.18> and hyphenation patterns for 84 language(s) loaded.
(/usr/share/texlive/texmf-dist/tex/latex/base/report.cls
Document Class: report 2014/09/29 v1.4h Standard LaTeX document class
(/usr/share/texlive/texmf-dist/tex/latex/base/size12.clo
File: size12.clo 2014/09/29 v1.4h Standard LaTeX file (size option)
)
\c@part=\count79
\c@chapter=\count80
\c@section=\count81
\c@subsection=\count82
\c@subsubsection=\count83
\c@paragraph=\count84
\c@subparagraph=\count85
\c@figure=\count86
\c@table=\count87
\abovecaptionskip=\skip41
\belowcaptionskip=\skip42
\bibindent=\dimen102
)
(/usr/share/texlive/texmf-dist/tex/latex/graphics/graphicx.sty
Package: graphicx 2017/06/01 v1.1a Enhanced LaTeX Graphics (DPC,SPQR)

(/usr/share/texlive/texmf-dist/tex/latex/graphics/keyval.sty
Package: keyval 2014/10/28 v1.15 key=value parser (DPC)
\KV@toks@=\toks14
)
(/usr/share/texlive/texmf-dist/tex/latex/graphics/graphics.sty
Package: graphics 2017/06/25 v1.2c Standard LaTeX Graphics (DPC,SPQR)

(/usr/share/texlive/texmf-dist/tex/latex/graphics/trig.sty
Package: trig 2016/01/03 v1.10 sin cos tan (DPC)
)
(/usr/share/texlive/texmf-dist/tex/latex/graphics-cfg/graphics.cfg
File: graphics.cfg 2016/06/04 v1.11 sample graphics configuration
)
Package graphics Info: Driver file: pdftex.def on input line 99.

(/usr/share/texlive/texmf-dist/tex/latex/graphics-def/pdftex.def
File: pdftex.def 2018/01/08 v1.0l Graphics/color driver for pdftex
))
\Gin@req@height=\dimen103
\Gin@req@width=\dimen104
)

LaTeX Warning: Unused global option(s):
    [letter,openrigth,spanish].

(./EV1_1_Instalacion de ros.aux

LaTeX Warning: Label `Figura 6.' multiply defined.


LaTeX Warning: Label `ROS' multiply defined.

)
\openout1 = `"EV1_1_Instalacion de ros.aux"'.

LaTeX Font Info:    Checking defaults for OML/cmm/m/it on input line 16.
LaTeX Font Info:    ... okay on input line 16.
LaTeX Font Info:    Checking defaults for T1/cmr/m/n on input line 16.
LaTeX Font Info:    ... okay on input line 16.
LaTeX Font Info:    Checking defaults for OT1/cmr/m/n on input line 16.
LaTeX Font Info:    ... okay on input line 16.
LaTeX Font Info:    Checking defaults for OMS/cmsy/m/n on input line 16.
LaTeX Font Info:    ... okay on input line 16.
LaTeX Font Info:    Checking defaults for OMX/cmex/m/n on input line 16.
LaTeX Font Info:    ... okay on input line 16.
LaTeX Font Info:    Checking defaults for U/cmr/m/n on input line 16.
LaTeX Font Info:    ... okay on input line 16.
 (/usr/share/texlive/texmf-dist/tex/context/base/mkii/supp-pdf.mkii
[Loading MPS to PDF converter (version 2006.09.02).]
\scratchcounter=\count88
\scratchdimen=\dimen105
\scratchbox=\box26
\nofMPsegments=\count89
\nofMParguments=\count90
\everyMPshowfont=\toks15
\MPscratchCnt=\count91
\MPscratchDim=\dimen106
\MPnumerator=\count92
\makeMPintoPDFobject=\count93
\everyMPtoPDFconversion=\toks16
) (/usr/share/texlive/texmf-dist/tex/latex/oberdiek/epstopdf-base.sty
Package: epstopdf-base 2016/05/15 v2.6 Base part for package epstopdf

(/usr/share/texlive/texmf-dist/tex/generic/oberdiek/infwarerr.sty
Package: infwarerr 2016/05/16 v1.4 Providing info/warning/error messages (HO)
)
(/usr/share/texlive/texmf-dist/tex/latex/oberdiek/grfext.sty
Package: grfext 2016/05/16 v1.2 Manage graphics extensions (HO)

(/usr/share/texlive/texmf-dist/tex/generic/oberdiek/kvdefinekeys.sty
Package: kvdefinekeys 2016/05/16 v1.4 Define keys (HO)

(/usr/share/texlive/texmf-dist/tex/generic/oberdiek/ltxcmds.sty
Package: ltxcmds 2016/05/16 v1.23 LaTeX kernel commands for general use (HO)
)))
(/usr/share/texlive/texmf-dist/tex/latex/oberdiek/kvoptions.sty
Package: kvoptions 2016/05/16 v3.12 Key value format for package options (HO)

(/usr/share/texlive/texmf-dist/tex/generic/oberdiek/kvsetkeys.sty
Package: kvsetkeys 2016/05/16 v1.17 Key value parser (HO)

(/usr/share/texlive/texmf-dist/tex/generic/oberdiek/etexcmds.sty
Package: etexcmds 2016/05/16 v1.6 Avoid name clashes with e-TeX commands (HO)

(/usr/share/texlive/texmf-dist/tex/generic/oberdiek/ifluatex.sty
Package: ifluatex 2016/05/16 v1.4 Provides the ifluatex switch (HO)
Package ifluatex Info: LuaTeX not detected.
)
Package etexcmds Info: Could not find \expanded.
(etexcmds)             That can mean that you are not using pdfTeX 1.50 or
(etexcmds)             that some package has redefined \expanded.
(etexcmds)             In the latter case, load this package earlier.
)))
(/usr/share/texlive/texmf-dist/tex/generic/oberdiek/pdftexcmds.sty
Package: pdftexcmds 2018/01/21 v0.26 Utility functions of pdfTeX for LuaTeX (HO
)

(/usr/share/texlive/texmf-dist/tex/generic/oberdiek/ifpdf.sty
Package: ifpdf 2017/03/15 v3.2 Provides the ifpdf switch
)
Package pdftexcmds Info: LuaTeX not detected.
Package pdftexcmds Info: \pdf@primitive is available.
Package pdftexcmds Info: \pdf@ifprimitive is available.
Package pdftexcmds Info: \pdfdraftmode found.
)
Package epstopdf-base Info: Redefining graphics rule for `.eps' on input line 4
38.
Package grfext Info: Graphics extension search list:
(grfext)             [.pdf,.png,.jpg,.mps,.jpeg,.jbig2,.jb2,.PDF,.PNG,.JPG,.JPE
G,.JBIG2,.JB2,.eps]
(grfext)             \AppendGraphicsExtensions on input line 456.

(/usr/share/texlive/texmf-dist/tex/latex/latexconfig/epstopdf-sys.cfg
File: epstopdf-sys.cfg 2010/07/13 v1.3 Configuration of (r)epstopdf for TeX Liv
e
))
LaTeX Font Info:    External font `cmex10' loaded for size
(Font)              <14.4> on input line 18.
LaTeX Font Info:    External font `cmex10' loaded for size
(Font)              <7> on input line 18.

[1

{/var/lib/texmf/fonts/map/pdftex/updmap/pdftex.map}]
Missing character: There is no Â in font cmbx12!
Missing character: There is no ¿ in font cmbx12!
LaTeX Font Info:    External font `cmex10' loaded for size
(Font)              <12> on input line 24.
LaTeX Font Info:    External font `cmex10' loaded for size
(Font)              <8> on input line 24.
LaTeX Font Info:    External font `cmex10' loaded for size
(Font)              <6> on input line 24.
LaTeX Font Info:    External font `cmex10' loaded for size
(Font)              <5> on input line 24.

Underfull \hbox (badness 10000) in paragraph at lines 24--25

 []


Underfull \hbox (badness 10000) in paragraph at lines 26--27

 []


Underfull \hbox (badness 10000) in paragraph at lines 28--29

 []


Underfull \hbox (badness 10000) in paragraph at lines 30--31

 []

[1]
Underfull \hbox (badness 10000) in paragraph at lines 32--33

 []


Underfull \hbox (badness 10000) in paragraph at lines 34--35

 []


Underfull \hbox (badness 10000) in paragraph at lines 36--37

 []


Underfull \hbox (badness 10000) in paragraph at lines 38--39

 []


Underfull \hbox (badness 10000) in paragraph at lines 40--41

 []


Underfull \hbox (badness 10000) in paragraph at lines 42--43

 []


Underfull \hbox (badness 10000) in paragraph at lines 44--45

 []


Underfull \hbox (badness 10000) in paragraph at lines 46--47

 []


Underfull \hbox (badness 10000) in paragraph at lines 48--49

 []


Underfull \hbox (badness 10000) in paragraph at lines 52--53

 []


Underfull \hbox (badness 10000) in paragraph at lines 54--55

 []


Underfull \hbox (badness 10000) in paragraph at lines 56--57

 []


Underfull \hbox (badness 10000) in paragraph at lines 58--59

 []

[2]
Underfull \hbox (badness 10000) in paragraph at lines 60--61

 []


Underfull \hbox (badness 10000) in paragraph at lines 62--63

 []


Underfull \hbox (badness 10000) in paragraph at lines 64--65

 []


Underfull \hbox (badness 10000) in paragraph at lines 66--67

 []


Underfull \hbox (badness 10000) in paragraph at lines 68--69

 []


Underfull \hbox (badness 10000) in paragraph at lines 70--71

 []


Underfull \hbox (badness 10000) in paragraph at lines 72--73

 []


Underfull \hbox (badness 10000) in paragraph at lines 74--75

 []


Underfull \hbox (badness 10000) in paragraph at lines 76--77

 []


Underfull \hbox (badness 10000) in paragraph at lines 78--79

 []


Underfull \hbox (badness 10000) in paragraph at lines 80--81

 []


Underfull \hbox (badness 10000) in paragraph at lines 84--85

 []


Underfull \hbox (badness 10000) in paragraph at lines 86--87

 []


Underfull \hbox (badness 10000) in paragraph at lines 88--89

 []


Underfull \hbox (badness 10000) in paragraph at lines 90--91

 []

[3]
Underfull \hbox (badness 10000) in paragraph at lines 96--97

 []


Underfull \hbox (badness 10000) in paragraph at lines 98--99

 []


Underfull \hbox (badness 10000) in paragraph at lines 104--105

 []


Underfull \hbox (badness 10000) in paragraph at lines 106--107

 []


Overfull \hbox (71.40364pt too wide) in paragraph at lines 108--109
[]\OT1/cmr/m/n/12 Una vez con-fig-u-rando los repos-i-to-rios ire-mos a la pag-
ina de ROS 'https://www.ros.org/',
 []


Underfull \hbox (badness 10000) in paragraph at lines 108--109

 []


LaTeX Warning: File `/home/sarha13/Escritorio/ros.png' not found on input line 
112.


! Package pdftex.def Error: File `/home/sarha13/Escritorio/ros.png' not found: 
using draft setting.

See the pdftex.def package documentation for explanation.
Type  H <return>  for immediate help.
 ...                                              
                                                  
l.112 ...th=8cm]{/home/sarha13/Escritorio/ros.png}
                                                  
Try typing  <return>  to proceed.
If that doesn't work, type  X <return>  to quit.


Underfull \hbox (badness 10000) in paragraph at lines 117--118

 []


LaTeX Warning: File `/home/sarha13/Escritorio/version.png' not found on input l
ine 121.


! Package pdftex.def Error: File `/home/sarha13/Escritorio/version.png' not fou
nd: using draft setting.

See the pdftex.def package documentation for explanation.
Type  H <return>  for immediate help.
 ...                                              
                                                  
l.121 ...cm]{/home/sarha13/Escritorio/version.png}
                                                  
Try typing  <return>  to proceed.
If that doesn't work, type  X <return>  to quit.


Underfull \hbox (badness 10000) in paragraph at lines 126--127

 []


LaTeX Warning: File `/home/sarha13/Escritorio/sistema.png' not found on input l
ine 130.


! Package pdftex.def Error: File `/home/sarha13/Escritorio/sistema.png' not fou
nd: using draft setting.

See the pdftex.def package documentation for explanation.
Type  H <return>  for immediate help.
 ...                                              
                                                  
l.130 ...cm]{/home/sarha13/Escritorio/sistema.png}
                                                  
Try typing  <return>  to proceed.
If that doesn't work, type  X <return>  to quit.


Underfull \hbox (badness 10000) in paragraph at lines 135--136

 []


LaTeX Warning: File `/home/sarha13/Escritorio/instalacion.png' not found on inp
ut line 139.


! Package pdftex.def Error: File `/home/sarha13/Escritorio/instalacion.png' not
 found: using draft setting.

See the pdftex.def package documentation for explanation.
Type  H <return>  for immediate help.
 ...                                              
                                                  
l.139 .../home/sarha13/Escritorio/instalacion.png}
                                                  
Try typing  <return>  to proceed.
If that doesn't work, type  X <return>  to quit.


Underfull \hbox (badness 10000) in paragraph at lines 144--145

 []


Underfull \hbox (badness 10000) in paragraph at lines 146--147

 []

[4] [5] [6]

LaTeX Warning: File `/home/sarha13/Escritorio/terminal1.png' not found on input
 line 154.


! Package pdftex.def Error: File `/home/sarha13/Escritorio/terminal1.png' not f
ound: using draft setting.

See the pdftex.def package documentation for explanation.
Type  H <return>  for immediate help.
 ...                                              
                                                  
l.154 ...]{/home/sarha13/Escritorio/terminal1.png}
                                                  
Try typing  <return>  to proceed.
If that doesn't work, type  X <return>  to quit.


Underfull \hbox (badness 10000) in paragraph at lines 159--160

 []


LaTeX Warning: File `/home/sarha13/Escritorio/terminal2.png' not found on input
 line 165.


! Package pdftex.def Error: File `/home/sarha13/Escritorio/terminal2.png' not f
ound: using draft setting.

See the pdftex.def package documentation for explanation.
Type  H <return>  for immediate help.
 ...                                              
                                                  
l.165 ...]{/home/sarha13/Escritorio/terminal2.png}
                                                  
Try typing  <return>  to proceed.
If that doesn't work, type  X <return>  to quit.


Underfull \hbox (badness 10000) in paragraph at lines 170--171

 []


Overfull \hbox (374.68724pt too wide) in paragraph at lines 172--173
[]\OT1/cmr/bx/n/12 curl -sSL 'http://keyserver.ubuntu.com/pks/lookup?op=get$\OT
1/cmr/m/n/12 &$\OT1/cmr/bx/n/12 search=0xC1CF6E31E6BADE8868B172B4F42ED6FBAB17C6
54'
 []


Underfull \hbox (badness 10000) in paragraph at lines 174--175

 []

[7]

LaTeX Warning: File `/home/sarha13/Escritorio/terminal3.png' not found on input
 line 182.


! Package pdftex.def Error: File `/home/sarha13/Escritorio/terminal3.png' not f
ound: using draft setting.

See the pdftex.def package documentation for explanation.
Type  H <return>  for immediate help.
 ...                                              
                                                  
l.182 ...]{/home/sarha13/Escritorio/terminal3.png}
                                                  
Try typing  <return>  to proceed.
If that doesn't work, type  X <return>  to quit.


Underfull \hbox (badness 10000) in paragraph at lines 187--188

 []


LaTeX Warning: File `/home/sarha13/Escritorio/terminal4.png' not found on input
 line 195.


! Package pdftex.def Error: File `/home/sarha13/Escritorio/terminal4.png' not f
ound: using draft setting.

See the pdftex.def package documentation for explanation.
Type  H <return>  for immediate help.
 ...                                              
                                                  
l.195 ...]{/home/sarha13/Escritorio/terminal4.png}
                                                  
Try typing  <return>  to proceed.
If that doesn't work, type  X <return>  to quit.


Underfull \hbox (badness 10000) in paragraph at lines 200--201

 []


Underfull \hbox (badness 10000) in paragraph at lines 206--207

 []

[8] [9]

LaTeX Warning: File `/home/sarha13/Escritorio/terminal5.png' not found on input
 line 214.


! Package pdftex.def Error: File `/home/sarha13/Escritorio/terminal5.png' not f
ound: using draft setting.

See the pdftex.def package documentation for explanation.
Type  H <return>  for immediate help.
 ...                                              
                                                  
l.214 ...]{/home/sarha13/Escritorio/terminal5.png}
                                                  
Try typing  <return>  to proceed.
If that doesn't work, type  X <return>  to quit.


Underfull \hbox (badness 10000) in paragraph at lines 219--220

 []


Underfull \hbox (badness 10000) in paragraph at lines 226--227

 []


Underfull \hbox (badness 10000) in paragraph at lines 237--238

 []


Overfull \hbox (29.76242pt too wide) in paragraph at lines 239--240
[]\OT1/cmr/bx/n/12 sudo apt in-stall python-rosinstall python-rosinstall-genera
tor python-
 []


Underfull \hbox (badness 10000) in paragraph at lines 239--240

 []

[10]

LaTeX Warning: File `/home/sarha13/Escritorio/terminal5.png' not found on input
 line 243.


! Package pdftex.def Error: File `/home/sarha13/Escritorio/terminal5.png' not f
ound: using draft setting.

See the pdftex.def package documentation for explanation.
Type  H <return>  for immediate help.
 ...                                              
                                                  
l.243 ...]{/home/sarha13/Escritorio/terminal5.png}
                                                  
Try typing  <return>  to proceed.
If that doesn't work, type  X <return>  to quit.


Underfull \hbox (badness 10000) in paragraph at lines 248--249

 []


LaTeX Warning: File `/home/sarha13/Escritorio/temrinal7.jpg' not found on input
 line 256.


! Package pdftex.def Error: File `/home/sarha13/Escritorio/temrinal7.jpg' not f
ound: using draft setting.

See the pdftex.def package documentation for explanation.
Type  H <return>  for immediate help.
 ...                                              
                                                  
l.256 ...]{/home/sarha13/Escritorio/temrinal7.jpg}
                                                  
Try typing  <return>  to proceed.
If that doesn't work, type  X <return>  to quit.


Underfull \hbox (badness 10000) in paragraph at lines 261--262

 []


Underfull \hbox (badness 10000) in paragraph at lines 265--266

 []

[11]
Missing character: There is no Ã in font cmbx12!
Missing character: There is no ± in font cmbx12!
Missing character: There is no Ã in font cmr12!
Missing character: There is no ³ in font cmr12!
Missing character: There is no Ã in font cmr12!
Missing character: There is no ³ in font cmr12!
Missing character: There is no Ã in font cmr12!
Missing character: There is no ­ in font cmr12!

Underfull \hbox (badness 10000) in paragraph at lines 267--269

 []

Missing character: There is no Ã in font cmr12!
Missing character: There is no ³ in font cmr12!
[12]
Missing character: There is no Ã in font cmr12!
Missing character: There is no ³ in font cmr12!
Missing character: There is no Ã in font cmr12!
Missing character: There is no ¡ in font cmr12!
Missing character: There is no Ã in font cmr12!
Missing character: There is no ¡ in font cmr12!
Missing character: There is no Ã in font cmr12!
Missing character: There is no ³ in font cmr12!
Missing character: There is no Ã in font cmr12!
Missing character: There is no ³ in font cmr12!
Missing character: There is no Ã in font cmr12!
Missing character: There is no ³ in font cmr12!

Underfull \hbox (badness 10000) in paragraph at lines 273--274

 []


Underfull \hbox (badness 10000) in paragraph at lines 275--277

 []

Missing character: There is no Ã in font cmr12!
Missing character: There is no ³ in font cmr12!
Missing character: There is no Ã in font cmr12!
Missing character: There is no ¡ in font cmr12!
Missing character: There is no Ã in font cmr12!
Missing character: There is no ³ in font cmr12!
Missing character: There is no Ã in font cmr12!
Missing character: There is no ¡ in font cmr12!
Missing character: There is no Ã in font cmr12!
Missing character: There is no ³ in font cmr12!
Missing character: There is no Ã in font cmr12!
Missing character: There is no ¡ in font cmr12!
Missing character: There is no Ã in font cmr12!
Missing character: There is no ³ in font cmr12!
Missing character: There is no Ã in font cmr12!
Missing character: There is no © in font cmr12!
Missing character: There is no Ã in font cmr12!
Missing character: There is no ³ in font cmr12!

Underfull \hbox (badness 10000) in paragraph at lines 278--280

 []

[13]
Underfull \hbox (badness 10000) in paragraph at lines 285--286
[]\OT1/cmr/m/sc/12 ROS.org \OT1/cmr/m/n/12 (2010-2018) \OT1/cmr/m/sc/12 ROS-Ins
tall\OT1/cmr/m/n/12 .: Re-cu-per-ado de
 []

Missing character: There is no Â in font cmcsc10!
Missing character: There is no ¿ in font cmcsc10!

Underfull \hbox (badness 3000) in paragraph at lines 289--290
[]\OT1/cmr/m/sc/12 Hipopoto S.L. \OT1/cmr/m/n/12 (2018-2019) \OT1/cmr/m/sc/12 Q
u[]e es ROS?\OT1/cmr/m/n/12 .: Re-cu-per-ado de
 []

[14

] (./EV1_1_Instalacion de ros.aux)

LaTeX Warning: There were multiply-defined labels.

 ) 
Here is how much of TeX's memory you used:
 1501 strings out of 492982
 21403 string characters out of 6134896
 80164 words of memory out of 5000000
 5063 multiletter control sequences out of 15000+600000
 10191 words of font info for 36 fonts, out of 8000000 for 9000
 1141 hyphenation exceptions out of 8191
 41i,8n,25p,1124b,224s stack positions out of 5000i,500n,10000p,200000b,80000s
</usr/share/texlive/texmf-dist/fonts/type1/public/amsfonts/cm/cmbx12.pfb></us
r/share/texlive/texmf-dist/fonts/type1/public/amsfonts/cm/cmcsc10.pfb></usr/sha
re/texlive/texmf-dist/fonts/type1/public/amsfonts/cm/cmr10.pfb></usr/share/texl
ive/texmf-dist/fonts/type1/public/amsfonts/cm/cmr12.pfb></usr/share/texlive/tex
mf-dist/fonts/type1/public/amsfonts/cm/cmr7.pfb></usr/share/texlive/texmf-dist/
fonts/type1/public/amsfonts/cm/cmr8.pfb></usr/share/texlive/texmf-dist/fonts/ty
pe1/public/amsfonts/cm/cmsy10.pfb></usr/share/texlive/texmf-dist/fonts/type1/pu
blic/amsfonts/cm/cmtt12.pfb>
Output written on "EV1_1_Instalacion de ros.pdf" (15 pages, 113241 bytes).
PDF statistics:
 85 PDF objects out of 1000 (max. 8388607)
 59 compressed objects within 1 object stream
 0 named destinations out of 1000 (max. 500000)
 1 words of extra memory for PDF output out of 10000 (max. 10000000)

